/apps/rocoto/1.3.3/bin/rocotostat -w /home/Bo.Huang/JEDI-2020/UFS-Aerosols_RETcyc/UFS-Aerosols-EP4_JEDI-AeroDA-Reanl/dr-work/xmlFiles//RET_EP4_SpinUp_41M_C96_202005.xml -d /scratch2/BMC/gsd-fv3-dev/bhuang/expRuns/UFS-Aerosols_RETcyc//RET_EP4_SpinUp_41M_C96_202005/dr-work/RET_EP4_SpinUp_41M_C96_202005.db
       CYCLE                    TASK                       JOBID               STATE         EXIT STATUS     TRIES      DURATION
================================================================================================================================
202005260600         gdasretrievemet                           -                   -                   -         -             -
202005260600          gdasmetinccntl                           -                   -                   -         -             -
202005260600       gdasmetinc_enkf01                           -                   -                   -         -             -
202005260600       gdasmetinc_enkf02                           -                   -                   -         -             -
202005260600       gdasmetinc_enkf03                           -                   -                   -         -             -
202005260600       gdasmetinc_enkf04                           -                   -                   -         -             -
202005260600          gdasrplsfccntl                           -                   -                   -         -             -
202005260600       gdasrplsfc_enkf01                           -                   -                   -         -             -
202005260600       gdasrplsfc_enkf02                           -                   -                   -         -             -
202005260600       gdasrplsfc_enkf03                           -                   -                   -         -             -
202005260600       gdasrplsfc_enkf04                           -                   -                   -         -             -
202005260600                gdasfcst                    52480436           SUCCEEDED                   0         1         210.0
202005260600              gdasefcs01                    52480437           SUCCEEDED                   0         1         952.0
202005260600              gdasefcs02                    52480438           SUCCEEDED                   0         1         973.0
202005260600              gdasefcs03                    52480439           SUCCEEDED                   0         1         946.0
202005260600              gdasefcs04                    52480440           SUCCEEDED                   0         1         949.0
202005260600              gdasefcs05                    52480442           SUCCEEDED                   0         1         957.0
202005260600              gdasefcs06                    52480443           SUCCEEDED                   0         1         950.0
202005260600              gdasefcs07                    52480444           SUCCEEDED                   0         1         949.0
202005260600              gdasefcs08                    52480445           SUCCEEDED                   0         1         941.0
202005260600              gdasemean1                    52482404           SUCCEEDED                   0         1          37.0
202005260600              gdasemean2                    52482405           SUCCEEDED                   0         1          39.0
202005260600              gdasemean3                    52482406           SUCCEEDED                   0         1          38.0
202005260600              gdasemean4                    52482407           SUCCEEDED                   0         1          41.0
202005260600              gdasemean5                    52482408           SUCCEEDED                   0         1          40.0
202005260600              gdasemean6                    52482409           SUCCEEDED                   0         1          39.0
202005260600                gdasarch                    52482541           SUCCEEDED                   0         1          64.0
================================================================================================================================
202005261200         gdasretrievemet                    52483072           SUCCEEDED                   0         1          64.0
202005261200          gdasmetinccntl                    52483493           SUCCEEDED                   0         1          15.0
202005261200       gdasmetinc_enkf01                    52483494           SUCCEEDED                   0         1          53.0
202005261200       gdasmetinc_enkf02                    52483495           SUCCEEDED                   0         1          53.0
202005261200       gdasmetinc_enkf03                    52483496           SUCCEEDED                   0         1          53.0
202005261200       gdasmetinc_enkf04                    52483497           SUCCEEDED                   0         1          53.0
202005261200          gdasrplsfccntl                    52483498           SUCCEEDED                   0         1          15.0
202005261200       gdasrplsfc_enkf01                    52483501           SUCCEEDED                   0         1          24.0
202005261200       gdasrplsfc_enkf02                    52483502           SUCCEEDED                   0         1          25.0
202005261200       gdasrplsfc_enkf03                    52483503           SUCCEEDED                   0         1          24.0
202005261200       gdasrplsfc_enkf04                    52483504           SUCCEEDED                   0         1          25.0
202005261200                gdasfcst                    52484251           SUCCEEDED                   0         1         203.0
202005261200              gdasefcs01                    52484252           SUCCEEDED                   0         1         974.0
202005261200              gdasefcs02                    52484253           SUCCEEDED                   0         1         978.0
202005261200              gdasefcs03                    52484254           SUCCEEDED                   0         1         999.0
202005261200              gdasefcs04                    52484259           SUCCEEDED                   0         1         976.0
202005261200              gdasefcs05                    52484258           SUCCEEDED                   0         1         978.0
202005261200              gdasefcs06                    52484255           SUCCEEDED                   0         1         978.0
202005261200              gdasefcs07                    52484256           SUCCEEDED                   0         1         981.0
202005261200              gdasefcs08                    52484260           SUCCEEDED                   0         1         980.0
202005261200              gdasemean1                    52486211           SUCCEEDED                   0         1          38.0
202005261200              gdasemean2                    52486212           SUCCEEDED                   0         1          40.0
202005261200              gdasemean3                    52486213           SUCCEEDED                   0         1          41.0
202005261200              gdasemean4                    52486214           SUCCEEDED                   0         1          38.0
202005261200              gdasemean5                    52486215           SUCCEEDED                   0         1          39.0
202005261200              gdasemean6                    52486216           SUCCEEDED                   0         1          39.0
202005261200                gdasarch                    52486283           SUCCEEDED                   0         1          64.0
================================================================================================================================
202005261800         gdasretrievemet                    52487255           SUCCEEDED                   0         1          71.0
202005261800          gdasmetinccntl                    52487803           SUCCEEDED                   0         1          16.0
202005261800       gdasmetinc_enkf01                    52487806           SUCCEEDED                   0         1          55.0
202005261800       gdasmetinc_enkf02                    52487807           SUCCEEDED                   0         1          55.0
202005261800       gdasmetinc_enkf03                    52487808           SUCCEEDED                   0         1          55.0
202005261800       gdasmetinc_enkf04                    52487809           SUCCEEDED                   0         1          57.0
202005261800          gdasrplsfccntl                    52487813           SUCCEEDED                   0         1          17.0
202005261800       gdasrplsfc_enkf01                    52487814           SUCCEEDED                   0         1          28.0
202005261800       gdasrplsfc_enkf02                    52487815           SUCCEEDED                   0         1          31.0
202005261800       gdasrplsfc_enkf03                    52487816           SUCCEEDED                   0         1          29.0
202005261800       gdasrplsfc_enkf04                    52487817           SUCCEEDED                   0         1          30.0
202005261800                gdasfcst                    52489700           SUCCEEDED                   0         1         207.0
202005261800              gdasefcs01                    52489701           SUCCEEDED                   0         1         988.0
202005261800              gdasefcs02                    52489702           SUCCEEDED                   0         1         977.0
202005261800              gdasefcs03                    52489703           SUCCEEDED                   0         1         990.0
202005261800              gdasefcs04                    52489704           SUCCEEDED                   0         1        1001.0
202005261800              gdasefcs05                    52489705           SUCCEEDED                   0         1        1001.0
202005261800              gdasefcs06                    52489706           SUCCEEDED                   0         1         992.0
202005261800              gdasefcs07                    52489707           SUCCEEDED                   0         1         993.0
202005261800              gdasefcs08                    52489708           SUCCEEDED                   0         1         986.0
202005261800              gdasemean1                    52491684           SUCCEEDED                   0         1          39.0
202005261800              gdasemean2                    52491685           SUCCEEDED                   0         1          39.0
202005261800              gdasemean3                    52491687           SUCCEEDED                   0         1          46.0
202005261800              gdasemean4                    52491688           SUCCEEDED                   0         1          37.0
202005261800              gdasemean5                    52491689           SUCCEEDED                   0         1          39.0
202005261800              gdasemean6                    52491690           SUCCEEDED                   0         1          37.0
202005261800                gdasarch                    52492246           SUCCEEDED                   0         1          63.0
================================================================================================================================
202005270000         gdasretrievemet                    52493292           SUCCEEDED                   0         1         792.0
202005270000          gdasmetinccntl                    52494543           SUCCEEDED                   0         1          14.0
202005270000       gdasmetinc_enkf01                    52494790           SUCCEEDED                   0         1          57.0
202005270000       gdasmetinc_enkf02                    52494788           SUCCEEDED                   0         1          55.0
202005270000       gdasmetinc_enkf03                    52494783           SUCCEEDED                   0         1          57.0
202005270000       gdasmetinc_enkf04                    52494785           SUCCEEDED                   0         1          55.0
202005270000          gdasrplsfccntl                    52494544           SUCCEEDED                   0         1          17.0
202005270000       gdasrplsfc_enkf01                    52494789           SUCCEEDED                   0         1          27.0
202005270000       gdasrplsfc_enkf02                    52494787           SUCCEEDED                   0         1          26.0
202005270000       gdasrplsfc_enkf03                    52494784           SUCCEEDED                   0         1          28.0
202005270000       gdasrplsfc_enkf04                    52494786           SUCCEEDED                   0         1          30.0
202005270000                gdasfcst                    52494791           SUCCEEDED                   0         1         205.0
202005270000              gdasefcs01                    52495397           SUCCEEDED                   0         1         995.0
202005270000              gdasefcs02                    52495398           SUCCEEDED                   0         1         982.0
202005270000              gdasefcs03                    52495399           SUCCEEDED                   0         1         977.0
202005270000              gdasefcs04                    52495400           SUCCEEDED                   0         1         985.0
202005270000              gdasefcs05                    52495401           SUCCEEDED                   0         1         982.0
202005270000              gdasefcs06                    52495402           SUCCEEDED                   0         1         983.0
202005270000              gdasefcs07                    52499345                DEAD               35072         5          98.0
202005270000              gdasefcs08                    52495404           SUCCEEDED                   0         1         981.0
202005270000              gdasemean1                           -                   -                   -         -             -
202005270000              gdasemean2                           -                   -                   -         -             -
202005270000              gdasemean3                           -                   -                   -         -             -
202005270000              gdasemean4                           -                   -                   -         -             -
202005270000              gdasemean5                           -                   -                   -         -             -
202005270000              gdasemean6                           -                   -                   -         -             -
202005270000                gdasarch                           -                   -                   -         -             -
================================================================================================================================
202005270600         gdasretrievemet                           -                   -                   -         -             -
202005270600          gdasmetinccntl                           -                   -                   -         -             -
202005270600       gdasmetinc_enkf01                           -                   -                   -         -             -
202005270600       gdasmetinc_enkf02                           -                   -                   -         -             -
202005270600       gdasmetinc_enkf03                           -                   -                   -         -             -
202005270600       gdasmetinc_enkf04                           -                   -                   -         -             -
202005270600          gdasrplsfccntl                           -                   -                   -         -             -
202005270600       gdasrplsfc_enkf01                           -                   -                   -         -             -
202005270600       gdasrplsfc_enkf02                           -                   -                   -         -             -
202005270600       gdasrplsfc_enkf03                           -                   -                   -         -             -
202005270600       gdasrplsfc_enkf04                           -                   -                   -         -             -
202005270600                gdasfcst                           -                   -                   -         -             -
202005270600              gdasefcs01                           -                   -                   -         -             -
202005270600              gdasefcs02                           -                   -                   -         -             -
202005270600              gdasefcs03                           -                   -                   -         -             -
202005270600              gdasefcs04                           -                   -                   -         -             -
202005270600              gdasefcs05                           -                   -                   -         -             -
202005270600              gdasefcs06                           -                   -                   -         -             -
202005270600              gdasefcs07                           -                   -                   -         -             -
202005270600              gdasefcs08                           -                   -                   -         -             -
202005270600              gdasemean1                           -                   -                   -         -             -
202005270600              gdasemean2                           -                   -                   -         -             -
202005270600              gdasemean3                           -                   -                   -         -             -
202005270600              gdasemean4                           -                   -                   -         -             -
202005270600              gdasemean5                           -                   -                   -         -             -
202005270600              gdasemean6                           -                   -                   -         -             -
202005270600                gdasarch                           -                   -                   -         -             -
================================================================================================================================
202005271200         gdasretrievemet                           -                   -                   -         -             -
202005271200          gdasmetinccntl                           -                   -                   -         -             -
202005271200       gdasmetinc_enkf01                           -                   -                   -         -             -
202005271200       gdasmetinc_enkf02                           -                   -                   -         -             -
202005271200       gdasmetinc_enkf03                           -                   -                   -         -             -
202005271200       gdasmetinc_enkf04                           -                   -                   -         -             -
202005271200          gdasrplsfccntl                           -                   -                   -         -             -
202005271200       gdasrplsfc_enkf01                           -                   -                   -         -             -
202005271200       gdasrplsfc_enkf02                           -                   -                   -         -             -
202005271200       gdasrplsfc_enkf03                           -                   -                   -         -             -
202005271200       gdasrplsfc_enkf04                           -                   -                   -         -             -
202005271200                gdasfcst                           -                   -                   -         -             -
202005271200              gdasefcs01                           -                   -                   -         -             -
202005271200              gdasefcs02                           -                   -                   -         -             -
202005271200              gdasefcs03                           -                   -                   -         -             -
202005271200              gdasefcs04                           -                   -                   -         -             -
202005271200              gdasefcs05                           -                   -                   -         -             -
202005271200              gdasefcs06                           -                   -                   -         -             -
202005271200              gdasefcs07                           -                   -                   -         -             -
202005271200              gdasefcs08                           -                   -                   -         -             -
202005271200              gdasemean1                           -                   -                   -         -             -
202005271200              gdasemean2                           -                   -                   -         -             -
202005271200              gdasemean3                           -                   -                   -         -             -
202005271200              gdasemean4                           -                   -                   -         -             -
202005271200              gdasemean5                           -                   -                   -         -             -
202005271200              gdasemean6                           -                   -                   -         -             -
202005271200                gdasarch                           -                   -                   -         -             -
================================================================================================================================
202005271800         gdasretrievemet                           -                   -                   -         -             -
202005271800          gdasmetinccntl                           -                   -                   -         -             -
202005271800       gdasmetinc_enkf01                           -                   -                   -         -             -
202005271800       gdasmetinc_enkf02                           -                   -                   -         -             -
202005271800       gdasmetinc_enkf03                           -                   -                   -         -             -
202005271800       gdasmetinc_enkf04                           -                   -                   -         -             -
202005271800          gdasrplsfccntl                           -                   -                   -         -             -
202005271800       gdasrplsfc_enkf01                           -                   -                   -         -             -
202005271800       gdasrplsfc_enkf02                           -                   -                   -         -             -
202005271800       gdasrplsfc_enkf03                           -                   -                   -         -             -
202005271800       gdasrplsfc_enkf04                           -                   -                   -         -             -
202005271800                gdasfcst                           -                   -                   -         -             -
202005271800              gdasefcs01                           -                   -                   -         -             -
202005271800              gdasefcs02                           -                   -                   -         -             -
202005271800              gdasefcs03                           -                   -                   -         -             -
202005271800              gdasefcs04                           -                   -                   -         -             -
202005271800              gdasefcs05                           -                   -                   -         -             -
202005271800              gdasefcs06                           -                   -                   -         -             -
202005271800              gdasefcs07                           -                   -                   -         -             -
202005271800              gdasefcs08                           -                   -                   -         -             -
202005271800              gdasemean1                           -                   -                   -         -             -
202005271800              gdasemean2                           -                   -                   -         -             -
202005271800              gdasemean3                           -                   -                   -         -             -
202005271800              gdasemean4                           -                   -                   -         -             -
202005271800              gdasemean5                           -                   -                   -         -             -
202005271800              gdasemean6                           -                   -                   -         -             -
202005271800                gdasarch                           -                   -                   -         -             -
================================================================================================================================
202005280000         gdasretrievemet                           -                   -                   -         -             -
202005280000          gdasmetinccntl                           -                   -                   -         -             -
202005280000       gdasmetinc_enkf01                           -                   -                   -         -             -
202005280000       gdasmetinc_enkf02                           -                   -                   -         -             -
202005280000       gdasmetinc_enkf03                           -                   -                   -         -             -
202005280000       gdasmetinc_enkf04                           -                   -                   -         -             -
202005280000          gdasrplsfccntl                           -                   -                   -         -             -
202005280000       gdasrplsfc_enkf01                           -                   -                   -         -             -
202005280000       gdasrplsfc_enkf02                           -                   -                   -         -             -
202005280000       gdasrplsfc_enkf03                           -                   -                   -         -             -
202005280000       gdasrplsfc_enkf04                           -                   -                   -         -             -
202005280000                gdasfcst                           -                   -                   -         -             -
202005280000              gdasefcs01                           -                   -                   -         -             -
202005280000              gdasefcs02                           -                   -                   -         -             -
202005280000              gdasefcs03                           -                   -                   -         -             -
202005280000              gdasefcs04                           -                   -                   -         -             -
202005280000              gdasefcs05                           -                   -                   -         -             -
202005280000              gdasefcs06                           -                   -                   -         -             -
202005280000              gdasefcs07                           -                   -                   -         -             -
202005280000              gdasefcs08                           -                   -                   -         -             -
202005280000              gdasemean1                           -                   -                   -         -             -
202005280000              gdasemean2                           -                   -                   -         -             -
202005280000              gdasemean3                           -                   -                   -         -             -
202005280000              gdasemean4                           -                   -                   -         -             -
202005280000              gdasemean5                           -                   -                   -         -             -
202005280000              gdasemean6                           -                   -                   -         -             -
202005280000                gdasarch                           -                   -                   -         -             -
================================================================================================================================
202005280600         gdasretrievemet                           -                   -                   -         -             -
202005280600          gdasmetinccntl                           -                   -                   -         -             -
202005280600       gdasmetinc_enkf01                           -                   -                   -         -             -
202005280600       gdasmetinc_enkf02                           -                   -                   -         -             -
202005280600       gdasmetinc_enkf03                           -                   -                   -         -             -
202005280600       gdasmetinc_enkf04                           -                   -                   -         -             -
202005280600          gdasrplsfccntl                           -                   -                   -         -             -
202005280600       gdasrplsfc_enkf01                           -                   -                   -         -             -
202005280600       gdasrplsfc_enkf02                           -                   -                   -         -             -
202005280600       gdasrplsfc_enkf03                           -                   -                   -         -             -
202005280600       gdasrplsfc_enkf04                           -                   -                   -         -             -
202005280600                gdasfcst                           -                   -                   -         -             -
202005280600              gdasefcs01                           -                   -                   -         -             -
202005280600              gdasefcs02                           -                   -                   -         -             -
202005280600              gdasefcs03                           -                   -                   -         -             -
202005280600              gdasefcs04                           -                   -                   -         -             -
202005280600              gdasefcs05                           -                   -                   -         -             -
202005280600              gdasefcs06                           -                   -                   -         -             -
202005280600              gdasefcs07                           -                   -                   -         -             -
202005280600              gdasefcs08                           -                   -                   -         -             -
202005280600              gdasemean1                           -                   -                   -         -             -
202005280600              gdasemean2                           -                   -                   -         -             -
202005280600              gdasemean3                           -                   -                   -         -             -
202005280600              gdasemean4                           -                   -                   -         -             -
202005280600              gdasemean5                           -                   -                   -         -             -
202005280600              gdasemean6                           -                   -                   -         -             -
202005280600                gdasarch                           -                   -                   -         -             -
================================================================================================================================
202005281200         gdasretrievemet                           -                   -                   -         -             -
202005281200          gdasmetinccntl                           -                   -                   -         -             -
202005281200       gdasmetinc_enkf01                           -                   -                   -         -             -
202005281200       gdasmetinc_enkf02                           -                   -                   -         -             -
202005281200       gdasmetinc_enkf03                           -                   -                   -         -             -
202005281200       gdasmetinc_enkf04                           -                   -                   -         -             -
202005281200          gdasrplsfccntl                           -                   -                   -         -             -
202005281200       gdasrplsfc_enkf01                           -                   -                   -         -             -
202005281200       gdasrplsfc_enkf02                           -                   -                   -         -             -
202005281200       gdasrplsfc_enkf03                           -                   -                   -         -             -
202005281200       gdasrplsfc_enkf04                           -                   -                   -         -             -
202005281200                gdasfcst                           -                   -                   -         -             -
202005281200              gdasefcs01                           -                   -                   -         -             -
202005281200              gdasefcs02                           -                   -                   -         -             -
202005281200              gdasefcs03                           -                   -                   -         -             -
202005281200              gdasefcs04                           -                   -                   -         -             -
202005281200              gdasefcs05                           -                   -                   -         -             -
202005281200              gdasefcs06                           -                   -                   -         -             -
202005281200              gdasefcs07                           -                   -                   -         -             -
202005281200              gdasefcs08                           -                   -                   -         -             -
202005281200              gdasemean1                           -                   -                   -         -             -
202005281200              gdasemean2                           -                   -                   -         -             -
202005281200              gdasemean3                           -                   -                   -         -             -
202005281200              gdasemean4                           -                   -                   -         -             -
202005281200              gdasemean5                           -                   -                   -         -             -
202005281200              gdasemean6                           -                   -                   -         -             -
202005281200                gdasarch                           -                   -                   -         -             -
================================================================================================================================
202005281800         gdasretrievemet                           -                   -                   -         -             -
202005281800          gdasmetinccntl                           -                   -                   -         -             -
202005281800       gdasmetinc_enkf01                           -                   -                   -         -             -
202005281800       gdasmetinc_enkf02                           -                   -                   -         -             -
202005281800       gdasmetinc_enkf03                           -                   -                   -         -             -
202005281800       gdasmetinc_enkf04                           -                   -                   -         -             -
202005281800          gdasrplsfccntl                           -                   -                   -         -             -
202005281800       gdasrplsfc_enkf01                           -                   -                   -         -             -
202005281800       gdasrplsfc_enkf02                           -                   -                   -         -             -
202005281800       gdasrplsfc_enkf03                           -                   -                   -         -             -
202005281800       gdasrplsfc_enkf04                           -                   -                   -         -             -
202005281800                gdasfcst                           -                   -                   -         -             -
202005281800              gdasefcs01                           -                   -                   -         -             -
202005281800              gdasefcs02                           -                   -                   -         -             -
202005281800              gdasefcs03                           -                   -                   -         -             -
202005281800              gdasefcs04                           -                   -                   -         -             -
202005281800              gdasefcs05                           -                   -                   -         -             -
202005281800              gdasefcs06                           -                   -                   -         -             -
202005281800              gdasefcs07                           -                   -                   -         -             -
202005281800              gdasefcs08                           -                   -                   -         -             -
202005281800              gdasemean1                           -                   -                   -         -             -
202005281800              gdasemean2                           -                   -                   -         -             -
202005281800              gdasemean3                           -                   -                   -         -             -
202005281800              gdasemean4                           -                   -                   -         -             -
202005281800              gdasemean5                           -                   -                   -         -             -
202005281800              gdasemean6                           -                   -                   -         -             -
202005281800                gdasarch                           -                   -                   -         -             -
================================================================================================================================
202005290000         gdasretrievemet                           -                   -                   -         -             -
202005290000          gdasmetinccntl                           -                   -                   -         -             -
202005290000       gdasmetinc_enkf01                           -                   -                   -         -             -
202005290000       gdasmetinc_enkf02                           -                   -                   -         -             -
202005290000       gdasmetinc_enkf03                           -                   -                   -         -             -
202005290000       gdasmetinc_enkf04                           -                   -                   -         -             -
202005290000          gdasrplsfccntl                           -                   -                   -         -             -
202005290000       gdasrplsfc_enkf01                           -                   -                   -         -             -
202005290000       gdasrplsfc_enkf02                           -                   -                   -         -             -
202005290000       gdasrplsfc_enkf03                           -                   -                   -         -             -
202005290000       gdasrplsfc_enkf04                           -                   -                   -         -             -
202005290000                gdasfcst                           -                   -                   -         -             -
202005290000              gdasefcs01                           -                   -                   -         -             -
202005290000              gdasefcs02                           -                   -                   -         -             -
202005290000              gdasefcs03                           -                   -                   -         -             -
202005290000              gdasefcs04                           -                   -                   -         -             -
202005290000              gdasefcs05                           -                   -                   -         -             -
202005290000              gdasefcs06                           -                   -                   -         -             -
202005290000              gdasefcs07                           -                   -                   -         -             -
202005290000              gdasefcs08                           -                   -                   -         -             -
202005290000              gdasemean1                           -                   -                   -         -             -
202005290000              gdasemean2                           -                   -                   -         -             -
202005290000              gdasemean3                           -                   -                   -         -             -
202005290000              gdasemean4                           -                   -                   -         -             -
202005290000              gdasemean5                           -                   -                   -         -             -
202005290000              gdasemean6                           -                   -                   -         -             -
202005290000                gdasarch                           -                   -                   -         -             -
================================================================================================================================
202005290600         gdasretrievemet                           -                   -                   -         -             -
202005290600          gdasmetinccntl                           -                   -                   -         -             -
202005290600       gdasmetinc_enkf01                           -                   -                   -         -             -
202005290600       gdasmetinc_enkf02                           -                   -                   -         -             -
202005290600       gdasmetinc_enkf03                           -                   -                   -         -             -
202005290600       gdasmetinc_enkf04                           -                   -                   -         -             -
202005290600          gdasrplsfccntl                           -                   -                   -         -             -
202005290600       gdasrplsfc_enkf01                           -                   -                   -         -             -
202005290600       gdasrplsfc_enkf02                           -                   -                   -         -             -
202005290600       gdasrplsfc_enkf03                           -                   -                   -         -             -
202005290600       gdasrplsfc_enkf04                           -                   -                   -         -             -
202005290600                gdasfcst                           -                   -                   -         -             -
202005290600              gdasefcs01                           -                   -                   -         -             -
202005290600              gdasefcs02                           -                   -                   -         -             -
202005290600              gdasefcs03                           -                   -                   -         -             -
202005290600              gdasefcs04                           -                   -                   -         -             -
202005290600              gdasefcs05                           -                   -                   -         -             -
202005290600              gdasefcs06                           -                   -                   -         -             -
202005290600              gdasefcs07                           -                   -                   -         -             -
202005290600              gdasefcs08                           -                   -                   -         -             -
202005290600              gdasemean1                           -                   -                   -         -             -
202005290600              gdasemean2                           -                   -                   -         -             -
202005290600              gdasemean3                           -                   -                   -         -             -
202005290600              gdasemean4                           -                   -                   -         -             -
202005290600              gdasemean5                           -                   -                   -         -             -
202005290600              gdasemean6                           -                   -                   -         -             -
202005290600                gdasarch                           -                   -                   -         -             -
================================================================================================================================
202005291200         gdasretrievemet                           -                   -                   -         -             -
202005291200          gdasmetinccntl                           -                   -                   -         -             -
202005291200       gdasmetinc_enkf01                           -                   -                   -         -             -
202005291200       gdasmetinc_enkf02                           -                   -                   -         -             -
202005291200       gdasmetinc_enkf03                           -                   -                   -         -             -
202005291200       gdasmetinc_enkf04                           -                   -                   -         -             -
202005291200          gdasrplsfccntl                           -                   -                   -         -             -
202005291200       gdasrplsfc_enkf01                           -                   -                   -         -             -
202005291200       gdasrplsfc_enkf02                           -                   -                   -         -             -
202005291200       gdasrplsfc_enkf03                           -                   -                   -         -             -
202005291200       gdasrplsfc_enkf04                           -                   -                   -         -             -
202005291200                gdasfcst                           -                   -                   -         -             -
202005291200              gdasefcs01                           -                   -                   -         -             -
202005291200              gdasefcs02                           -                   -                   -         -             -
202005291200              gdasefcs03                           -                   -                   -         -             -
202005291200              gdasefcs04                           -                   -                   -         -             -
202005291200              gdasefcs05                           -                   -                   -         -             -
202005291200              gdasefcs06                           -                   -                   -         -             -
202005291200              gdasefcs07                           -                   -                   -         -             -
202005291200              gdasefcs08                           -                   -                   -         -             -
202005291200              gdasemean1                           -                   -                   -         -             -
202005291200              gdasemean2                           -                   -                   -         -             -
202005291200              gdasemean3                           -                   -                   -         -             -
202005291200              gdasemean4                           -                   -                   -         -             -
202005291200              gdasemean5                           -                   -                   -         -             -
202005291200              gdasemean6                           -                   -                   -         -             -
202005291200                gdasarch                           -                   -                   -         -             -
================================================================================================================================
202005291800         gdasretrievemet                           -                   -                   -         -             -
202005291800          gdasmetinccntl                           -                   -                   -         -             -
202005291800       gdasmetinc_enkf01                           -                   -                   -         -             -
202005291800       gdasmetinc_enkf02                           -                   -                   -         -             -
202005291800       gdasmetinc_enkf03                           -                   -                   -         -             -
202005291800       gdasmetinc_enkf04                           -                   -                   -         -             -
202005291800          gdasrplsfccntl                           -                   -                   -         -             -
202005291800       gdasrplsfc_enkf01                           -                   -                   -         -             -
202005291800       gdasrplsfc_enkf02                           -                   -                   -         -             -
202005291800       gdasrplsfc_enkf03                           -                   -                   -         -             -
202005291800       gdasrplsfc_enkf04                           -                   -                   -         -             -
202005291800                gdasfcst                           -                   -                   -         -             -
202005291800              gdasefcs01                           -                   -                   -         -             -
202005291800              gdasefcs02                           -                   -                   -         -             -
202005291800              gdasefcs03                           -                   -                   -         -             -
202005291800              gdasefcs04                           -                   -                   -         -             -
202005291800              gdasefcs05                           -                   -                   -         -             -
202005291800              gdasefcs06                           -                   -                   -         -             -
202005291800              gdasefcs07                           -                   -                   -         -             -
202005291800              gdasefcs08                           -                   -                   -         -             -
202005291800              gdasemean1                           -                   -                   -         -             -
202005291800              gdasemean2                           -                   -                   -         -             -
202005291800              gdasemean3                           -                   -                   -         -             -
202005291800              gdasemean4                           -                   -                   -         -             -
202005291800              gdasemean5                           -                   -                   -         -             -
202005291800              gdasemean6                           -                   -                   -         -             -
202005291800                gdasarch                           -                   -                   -         -             -
================================================================================================================================
202005300000         gdasretrievemet                           -                   -                   -         -             -
202005300000          gdasmetinccntl                           -                   -                   -         -             -
202005300000       gdasmetinc_enkf01                           -                   -                   -         -             -
202005300000       gdasmetinc_enkf02                           -                   -                   -         -             -
202005300000       gdasmetinc_enkf03                           -                   -                   -         -             -
202005300000       gdasmetinc_enkf04                           -                   -                   -         -             -
202005300000          gdasrplsfccntl                           -                   -                   -         -             -
202005300000       gdasrplsfc_enkf01                           -                   -                   -         -             -
202005300000       gdasrplsfc_enkf02                           -                   -                   -         -             -
202005300000       gdasrplsfc_enkf03                           -                   -                   -         -             -
202005300000       gdasrplsfc_enkf04                           -                   -                   -         -             -
202005300000                gdasfcst                           -                   -                   -         -             -
202005300000              gdasefcs01                           -                   -                   -         -             -
202005300000              gdasefcs02                           -                   -                   -         -             -
202005300000              gdasefcs03                           -                   -                   -         -             -
202005300000              gdasefcs04                           -                   -                   -         -             -
202005300000              gdasefcs05                           -                   -                   -         -             -
202005300000              gdasefcs06                           -                   -                   -         -             -
202005300000              gdasefcs07                           -                   -                   -         -             -
202005300000              gdasefcs08                           -                   -                   -         -             -
202005300000              gdasemean1                           -                   -                   -         -             -
202005300000              gdasemean2                           -                   -                   -         -             -
202005300000              gdasemean3                           -                   -                   -         -             -
202005300000              gdasemean4                           -                   -                   -         -             -
202005300000              gdasemean5                           -                   -                   -         -             -
202005300000              gdasemean6                           -                   -                   -         -             -
202005300000                gdasarch                           -                   -                   -         -             -
================================================================================================================================
202005300600         gdasretrievemet                           -                   -                   -         -             -
202005300600          gdasmetinccntl                           -                   -                   -         -             -
202005300600       gdasmetinc_enkf01                           -                   -                   -         -             -
202005300600       gdasmetinc_enkf02                           -                   -                   -         -             -
202005300600       gdasmetinc_enkf03                           -                   -                   -         -             -
202005300600       gdasmetinc_enkf04                           -                   -                   -         -             -
202005300600          gdasrplsfccntl                           -                   -                   -         -             -
202005300600       gdasrplsfc_enkf01                           -                   -                   -         -             -
202005300600       gdasrplsfc_enkf02                           -                   -                   -         -             -
202005300600       gdasrplsfc_enkf03                           -                   -                   -         -             -
202005300600       gdasrplsfc_enkf04                           -                   -                   -         -             -
202005300600                gdasfcst                           -                   -                   -         -             -
202005300600              gdasefcs01                           -                   -                   -         -             -
202005300600              gdasefcs02                           -                   -                   -         -             -
202005300600              gdasefcs03                           -                   -                   -         -             -
202005300600              gdasefcs04                           -                   -                   -         -             -
202005300600              gdasefcs05                           -                   -                   -         -             -
202005300600              gdasefcs06                           -                   -                   -         -             -
202005300600              gdasefcs07                           -                   -                   -         -             -
202005300600              gdasefcs08                           -                   -                   -         -             -
202005300600              gdasemean1                           -                   -                   -         -             -
202005300600              gdasemean2                           -                   -                   -         -             -
202005300600              gdasemean3                           -                   -                   -         -             -
202005300600              gdasemean4                           -                   -                   -         -             -
202005300600              gdasemean5                           -                   -                   -         -             -
202005300600              gdasemean6                           -                   -                   -         -             -
202005300600                gdasarch                           -                   -                   -         -             -
================================================================================================================================
202005301200         gdasretrievemet                           -                   -                   -         -             -
202005301200          gdasmetinccntl                           -                   -                   -         -             -
202005301200       gdasmetinc_enkf01                           -                   -                   -         -             -
202005301200       gdasmetinc_enkf02                           -                   -                   -         -             -
202005301200       gdasmetinc_enkf03                           -                   -                   -         -             -
202005301200       gdasmetinc_enkf04                           -                   -                   -         -             -
202005301200          gdasrplsfccntl                           -                   -                   -         -             -
202005301200       gdasrplsfc_enkf01                           -                   -                   -         -             -
202005301200       gdasrplsfc_enkf02                           -                   -                   -         -             -
202005301200       gdasrplsfc_enkf03                           -                   -                   -         -             -
202005301200       gdasrplsfc_enkf04                           -                   -                   -         -             -
202005301200                gdasfcst                           -                   -                   -         -             -
202005301200              gdasefcs01                           -                   -                   -         -             -
202005301200              gdasefcs02                           -                   -                   -         -             -
202005301200              gdasefcs03                           -                   -                   -         -             -
202005301200              gdasefcs04                           -                   -                   -         -             -
202005301200              gdasefcs05                           -                   -                   -         -             -
202005301200              gdasefcs06                           -                   -                   -         -             -
202005301200              gdasefcs07                           -                   -                   -         -             -
202005301200              gdasefcs08                           -                   -                   -         -             -
202005301200              gdasemean1                           -                   -                   -         -             -
202005301200              gdasemean2                           -                   -                   -         -             -
202005301200              gdasemean3                           -                   -                   -         -             -
202005301200              gdasemean4                           -                   -                   -         -             -
202005301200              gdasemean5                           -                   -                   -         -             -
202005301200              gdasemean6                           -                   -                   -         -             -
202005301200                gdasarch                           -                   -                   -         -             -
================================================================================================================================
202005301800         gdasretrievemet                           -                   -                   -         -             -
202005301800          gdasmetinccntl                           -                   -                   -         -             -
202005301800       gdasmetinc_enkf01                           -                   -                   -         -             -
202005301800       gdasmetinc_enkf02                           -                   -                   -         -             -
202005301800       gdasmetinc_enkf03                           -                   -                   -         -             -
202005301800       gdasmetinc_enkf04                           -                   -                   -         -             -
202005301800          gdasrplsfccntl                           -                   -                   -         -             -
202005301800       gdasrplsfc_enkf01                           -                   -                   -         -             -
202005301800       gdasrplsfc_enkf02                           -                   -                   -         -             -
202005301800       gdasrplsfc_enkf03                           -                   -                   -         -             -
202005301800       gdasrplsfc_enkf04                           -                   -                   -         -             -
202005301800                gdasfcst                           -                   -                   -         -             -
202005301800              gdasefcs01                           -                   -                   -         -             -
202005301800              gdasefcs02                           -                   -                   -         -             -
202005301800              gdasefcs03                           -                   -                   -         -             -
202005301800              gdasefcs04                           -                   -                   -         -             -
202005301800              gdasefcs05                           -                   -                   -         -             -
202005301800              gdasefcs06                           -                   -                   -         -             -
202005301800              gdasefcs07                           -                   -                   -         -             -
202005301800              gdasefcs08                           -                   -                   -         -             -
202005301800              gdasemean1                           -                   -                   -         -             -
202005301800              gdasemean2                           -                   -                   -         -             -
202005301800              gdasemean3                           -                   -                   -         -             -
202005301800              gdasemean4                           -                   -                   -         -             -
202005301800              gdasemean5                           -                   -                   -         -             -
202005301800              gdasemean6                           -                   -                   -         -             -
202005301800                gdasarch                           -                   -                   -         -             -
================================================================================================================================
202005310000         gdasretrievemet                           -                   -                   -         -             -
202005310000          gdasmetinccntl                           -                   -                   -         -             -
202005310000       gdasmetinc_enkf01                           -                   -                   -         -             -
202005310000       gdasmetinc_enkf02                           -                   -                   -         -             -
202005310000       gdasmetinc_enkf03                           -                   -                   -         -             -
202005310000       gdasmetinc_enkf04                           -                   -                   -         -             -
202005310000          gdasrplsfccntl                           -                   -                   -         -             -
202005310000       gdasrplsfc_enkf01                           -                   -                   -         -             -
202005310000       gdasrplsfc_enkf02                           -                   -                   -         -             -
202005310000       gdasrplsfc_enkf03                           -                   -                   -         -             -
202005310000       gdasrplsfc_enkf04                           -                   -                   -         -             -
202005310000                gdasfcst                           -                   -                   -         -             -
202005310000              gdasefcs01                           -                   -                   -         -             -
202005310000              gdasefcs02                           -                   -                   -         -             -
202005310000              gdasefcs03                           -                   -                   -         -             -
202005310000              gdasefcs04                           -                   -                   -         -             -
202005310000              gdasefcs05                           -                   -                   -         -             -
202005310000              gdasefcs06                           -                   -                   -         -             -
202005310000              gdasefcs07                           -                   -                   -         -             -
202005310000              gdasefcs08                           -                   -                   -         -             -
202005310000              gdasemean1                           -                   -                   -         -             -
202005310000              gdasemean2                           -                   -                   -         -             -
202005310000              gdasemean3                           -                   -                   -         -             -
202005310000              gdasemean4                           -                   -                   -         -             -
202005310000              gdasemean5                           -                   -                   -         -             -
202005310000              gdasemean6                           -                   -                   -         -             -
202005310000                gdasarch                           -                   -                   -         -             -
================================================================================================================================
202005310600         gdasretrievemet                           -                   -                   -         -             -
202005310600          gdasmetinccntl                           -                   -                   -         -             -
202005310600       gdasmetinc_enkf01                           -                   -                   -         -             -
202005310600       gdasmetinc_enkf02                           -                   -                   -         -             -
202005310600       gdasmetinc_enkf03                           -                   -                   -         -             -
202005310600       gdasmetinc_enkf04                           -                   -                   -         -             -
202005310600          gdasrplsfccntl                           -                   -                   -         -             -
202005310600       gdasrplsfc_enkf01                           -                   -                   -         -             -
202005310600       gdasrplsfc_enkf02                           -                   -                   -         -             -
202005310600       gdasrplsfc_enkf03                           -                   -                   -         -             -
202005310600       gdasrplsfc_enkf04                           -                   -                   -         -             -
202005310600                gdasfcst                           -                   -                   -         -             -
202005310600              gdasefcs01                           -                   -                   -         -             -
202005310600              gdasefcs02                           -                   -                   -         -             -
202005310600              gdasefcs03                           -                   -                   -         -             -
202005310600              gdasefcs04                           -                   -                   -         -             -
202005310600              gdasefcs05                           -                   -                   -         -             -
202005310600              gdasefcs06                           -                   -                   -         -             -
202005310600              gdasefcs07                           -                   -                   -         -             -
202005310600              gdasefcs08                           -                   -                   -         -             -
202005310600              gdasemean1                           -                   -                   -         -             -
202005310600              gdasemean2                           -                   -                   -         -             -
202005310600              gdasemean3                           -                   -                   -         -             -
202005310600              gdasemean4                           -                   -                   -         -             -
202005310600              gdasemean5                           -                   -                   -         -             -
202005310600              gdasemean6                           -                   -                   -         -             -
202005310600                gdasarch                           -                   -                   -         -             -
================================================================================================================================
202005311200         gdasretrievemet                           -                   -                   -         -             -
202005311200          gdasmetinccntl                           -                   -                   -         -             -
202005311200       gdasmetinc_enkf01                           -                   -                   -         -             -
202005311200       gdasmetinc_enkf02                           -                   -                   -         -             -
202005311200       gdasmetinc_enkf03                           -                   -                   -         -             -
202005311200       gdasmetinc_enkf04                           -                   -                   -         -             -
202005311200          gdasrplsfccntl                           -                   -                   -         -             -
202005311200       gdasrplsfc_enkf01                           -                   -                   -         -             -
202005311200       gdasrplsfc_enkf02                           -                   -                   -         -             -
202005311200       gdasrplsfc_enkf03                           -                   -                   -         -             -
202005311200       gdasrplsfc_enkf04                           -                   -                   -         -             -
202005311200                gdasfcst                           -                   -                   -         -             -
202005311200              gdasefcs01                           -                   -                   -         -             -
202005311200              gdasefcs02                           -                   -                   -         -             -
202005311200              gdasefcs03                           -                   -                   -         -             -
202005311200              gdasefcs04                           -                   -                   -         -             -
202005311200              gdasefcs05                           -                   -                   -         -             -
202005311200              gdasefcs06                           -                   -                   -         -             -
202005311200              gdasefcs07                           -                   -                   -         -             -
202005311200              gdasefcs08                           -                   -                   -         -             -
202005311200              gdasemean1                           -                   -                   -         -             -
202005311200              gdasemean2                           -                   -                   -         -             -
202005311200              gdasemean3                           -                   -                   -         -             -
202005311200              gdasemean4                           -                   -                   -         -             -
202005311200              gdasemean5                           -                   -                   -         -             -
202005311200              gdasemean6                           -                   -                   -         -             -
202005311200                gdasarch                           -                   -                   -         -             -
================================================================================================================================
202005311800         gdasretrievemet                           -                   -                   -         -             -
202005311800          gdasmetinccntl                           -                   -                   -         -             -
202005311800       gdasmetinc_enkf01                           -                   -                   -         -             -
202005311800       gdasmetinc_enkf02                           -                   -                   -         -             -
202005311800       gdasmetinc_enkf03                           -                   -                   -         -             -
202005311800       gdasmetinc_enkf04                           -                   -                   -         -             -
202005311800          gdasrplsfccntl                           -                   -                   -         -             -
202005311800       gdasrplsfc_enkf01                           -                   -                   -         -             -
202005311800       gdasrplsfc_enkf02                           -                   -                   -         -             -
202005311800       gdasrplsfc_enkf03                           -                   -                   -         -             -
202005311800       gdasrplsfc_enkf04                           -                   -                   -         -             -
202005311800                gdasfcst                           -                   -                   -         -             -
202005311800              gdasefcs01                           -                   -                   -         -             -
202005311800              gdasefcs02                           -                   -                   -         -             -
202005311800              gdasefcs03                           -                   -                   -         -             -
202005311800              gdasefcs04                           -                   -                   -         -             -
202005311800              gdasefcs05                           -                   -                   -         -             -
202005311800              gdasefcs06                           -                   -                   -         -             -
202005311800              gdasefcs07                           -                   -                   -         -             -
202005311800              gdasefcs08                           -                   -                   -         -             -
202005311800              gdasemean1                           -                   -                   -         -             -
202005311800              gdasemean2                           -                   -                   -         -             -
202005311800              gdasemean3                           -                   -                   -         -             -
202005311800              gdasemean4                           -                   -                   -         -             -
202005311800              gdasemean5                           -                   -                   -         -             -
202005311800              gdasemean6                           -                   -                   -         -             -
202005311800                gdasarch                           -                   -                   -         -             -
