netcdf aeronet_alm_iodav3_2022092512_test_w6_alm15 {
dimensions:
	Channel = 4 ;
	Location = UNLIMITED ; // (230 currently)
variables:
	int Channel(Channel) ;
		Channel:suggested_chunk_dim = 4LL ;
	int64 Location(Location) ;
		Location:suggested_chunk_dim = 230LL ;

// global attributes:
		string :_ioda_layout = "ObsGroup" ;
		:_ioda_layout_version = 0 ;
		string :ioda_object_type = "ALM15" ;
		string :sensor = "aeronet" ;
		string :center_datetime = "2022-09-25T12:00:00Z" ;
		string :window_in_hour = "6.0" ;
data:

group: MetaData {
  variables:
  	int64 aaod_ssa_l20_qc(Location) ;
  		aaod_ssa_l20_qc:_FillValue = -9223372036854775806LL ;
  		string aaod_ssa_l20_qc:units = "" ;
  	int64 aaod_ssa_l20_qc_without_l20_aod440_0.4_threshold(Location) ;
  		aaod_ssa_l20_qc_without_l20_aod440_0.4_threshold:_FillValue = -9223372036854775806LL ;
  		string aaod_ssa_l20_qc_without_l20_aod440_0.4_threshold:units = "" ;
  	int64 aod_l20_qc(Location) ;
  		aod_l20_qc:_FillValue = -9223372036854775806LL ;
  		string aod_l20_qc:units = "" ;
  	int64 dateTime(Location) ;
  		dateTime:_FillValue = 7258118400LL ;
  		string dateTime:units = "seconds since 1970-01-01T00:00:00Z" ;
  	float latitude(Location) ;
  		latitude:_FillValue = 9.96921e+36f ;
  		string latitude:units = "degrees_north" ;
  	float longitude(Location) ;
  		longitude:_FillValue = 9.96921e+36f ;
  		string longitude:units = "degrees_east" ;
  	int sensorCentralFrequency(Channel) ;
  		sensorCentralFrequency:_FillValue = -2147483647 ;
  		string sensorCentralFrequency:units = "Hz" ;
  	float sensorCentralWavelength(Location) ;
  		sensorCentralWavelength:_FillValue = 9.96921e+36f ;
  		string sensorCentralWavelength:units = "microns" ;
  	float stationElevation(Location) ;
  		stationElevation:_FillValue = 9.96921e+36f ;
  		string stationElevation:units = "m" ;
  	string stationIdentification(Location) ;
  		string stationIdentification:_FillValue = "" ;
  data:
  } // group MetaData

group: ObsError {
  variables:
  	float absorptionAerosolOpticalDepth(Location, Channel) ;
  		absorptionAerosolOpticalDepth:_FillValue = -9999.f ;
  		string absorptionAerosolOpticalDepth:coordinates = "longitude latitude stationElevation" ;
  		string absorptionAerosolOpticalDepth:units = "1" ;
  	float aerosolOpticalDepth(Location, Channel) ;
  		aerosolOpticalDepth:_FillValue = -9999.f ;
  		string aerosolOpticalDepth:coordinates = "longitude latitude stationElevation" ;
  		string aerosolOpticalDepth:units = "1" ;
  	float singleScatteringAlbedo(Location, Channel) ;
  		singleScatteringAlbedo:_FillValue = -9999.f ;
  		string singleScatteringAlbedo:coordinates = "longitude latitude stationElevation" ;
  		string singleScatteringAlbedo:units = "1" ;
  data:
  } // group ObsError

group: ObsValue {
  variables:
  	float absorptionAerosolOpticalDepth(Location, Channel) ;
  		absorptionAerosolOpticalDepth:_FillValue = -9999.f ;
  		string absorptionAerosolOpticalDepth:coordinates = "longitude latitude stationElevation" ;
  		string absorptionAerosolOpticalDepth:units = "1" ;
  	float aerosolOpticalDepth(Location, Channel) ;
  		aerosolOpticalDepth:_FillValue = -9999.f ;
  		string aerosolOpticalDepth:coordinates = "longitude latitude stationElevation" ;
  		string aerosolOpticalDepth:units = "1" ;
  	float singleScatteringAlbedo(Location, Channel) ;
  		singleScatteringAlbedo:_FillValue = -9999.f ;
  		string singleScatteringAlbedo:coordinates = "longitude latitude stationElevation" ;
  		string singleScatteringAlbedo:units = "1" ;
  data:

   absorptionAerosolOpticalDepth =
  0.001496, 0.000902, 0.00122, 0.001325,
  0.003022, 0.002968, 0.004273, 0.004765,
  0.004925, 0.003767, 0.004442, 0.004521,
  0.00697, 0.007472, 0.007337, 0.00667,
  0.044054, 0.0196, 0.022973, 0.02596,
  0.043025, 0.015777, 0.018312, 0.021153,
  0.042976, 0.014878, 0.017887, 0.021067,
  0.044724, 0.016793, 0.01877, 0.021739,
  0.043819, 0.016789, 0.018685, 0.020805,
  0.038162, 0.015858, 0.017979, 0.020313,
  0.013854, 0.006887, 0.011308, 0.01294,
  0.013328, 0.006854, 0.009214, 0.009154,
  0.014639, 0.010717, 0.013702, 0.01373,
  0.001006, 0.000642, 0.000489, 0.000419,
  0.006689, 0.004613, 0.004393, 0.004345,
  0.005756, 0.003751, 0.003802, 0.004117,
  0.005268, 0.003575, 0.003303, 0.002986,
  0.005587, 0.003415, 0.002688, 0.002358,
  0.013399, 0.009238, 0.009763, 0.008899,
  0.01229, 0.010354, 0.008754, 0.007384,
  0.004354, 0.002954, 0.003072, 0.002799,
  0.025029, 0.013327, 0.011417, 0.009257,
  0.024278, 0.013337, 0.011689, 0.010137,
  0.024023, 0.014246, 0.011744, 0.0099,
  0.031545, 0.019051, 0.015236, 0.01303,
  0.032673, 0.022441, 0.017944, 0.01527,
  0.002207, 0.002796, 0.003798, 0.003585,
  0.001505, 0.000861, 0.000695, 0.000683,
  0.000747, 0.000496, 0.000387, 0.000331,
  0.000503, 0.000328, 0.000253, 0.000214,
  0.000519, 0.000345, 0.000266, 0.000225,
  0.010152, 0.006299, 0.004744, 0.003996,
  0.009819, 0.006286, 0.004762, 0.003998,
  0.040272, 0.02321, 0.018808, 0.015902,
  0.044157, 0.025493, 0.021721, 0.019817,
  0.053431, 0.027635, 0.022227, 0.019392,
  0.057475, 0.030374, 0.025961, 0.023726,
  0.068675, 0.037228, 0.029632, 0.0253,
  0.009024, 0.005292, 0.003901, 0.00324,
  0.001341, 0.000878, 0.000805, 0.000736,
  0.000441, 0.000278, 0.00022, 0.000189,
  0.000839, 0.000502, 0.000394, 0.000338,
  0.001771, 0.00099, 0.000804, 0.000708,
  0.037898, 0.022047, 0.016402, 0.013383,
  0.00221, 0.001383, 0.001049, 0.000887,
  0.056861, 0.047223, 0.040368, 0.035116,
  0.1022, 0.074841, 0.05819, 0.049041,
  0.002395, 0.005238, 0.005737, 0.002662,
  0.000829, 0.000877, 0.002493, 0.001759,
  0.001427, 0.000747, 0.001947, 0.000764,
  0.001097, 0.000744, 0.002936, 0.002668,
  0.001009, 0.000686, 0.00133, 0.000557,
  0.011751, 0.008073, 0.007292, 0.006512,
  0.010939, 0.005688, 0.004882, 0.004686,
  0.011162, 0.005702, 0.00495, 0.004824,
  0.010611, 0.004129, 0.003361, 0.00302,
  0.010594, 0.00529, 0.004372, 0.004071,
  0.009063, 0.005146, 0.004191, 0.003682,
  0.047507, 0.010764, 0.01005, 0.008232,
  0.035303, 0.00354, 0.002776, 0.00239,
  0.0008, 0.000484, 0.000357, 0.000294,
  0.000688, 0.000411, 0.000308, 0.000254,
  0.000887, 0.000528, 0.000399, 0.000329,
  0.001434, 0.000885, 0.00069, 0.000572,
  0.053116, 0.029525, 0.021459, 0.017709,
  0.30306, 0.19937, 0.1564, 0.13503,
  0.005427, 0.003434, 0.002775, 0.002292,
  0.000691, 0.000412, 0.000298, 0.000242,
  0.047385, 0.02014, 0.015172, 0.013004,
  0.044067, 0.017619, 0.013365, 0.01131,
  0.037978, 0.0123, 0.008665, 0.0071,
  0.030337, 0.012344, 0.008553, 0.007092,
  0.000123, 7.5e-05, 5.6e-05, 4.7e-05,
  0.004582, 0.00343, 0.002938, 0.002609,
  0.009908, 0.006536, 0.005477, 0.005527,
  0.008956, 0.007066, 0.007025, 0.007127,
  0.002991, 0.001753, 0.001318, 0.001062,
  0.00087, 0.000563, 0.000447, 0.000371,
  0.005666, 0.003186, 0.00291, 0.003023,
  0.006572, 0.00336, 0.002769, 0.002715,
  0.006889, 0.004302, 0.003725, 0.003547,
  0.009032, 0.00576, 0.005326, 0.004711,
  0.028511, 0.05695, 0.013266, 0.011703,
  0.031901, 0.059799, 0.01448, 0.009612,
  0.029933, 0.057783, 0.013616, 0.009773,
  0.029455, 0.05946, 0.013206, 0.0112,
  0.030779, 0.05714, 0.012275, 0.009907,
  0.006746, 0.004354, 0.003818, 0.003317,
  0.005686, 0.00181, 0.001679, 0.001592,
  0.008695, 0.003347, 0.00354, 0.002205,
  0.011076, 0.00357, 0.004635, 0.003945,
  0.014702, 0.005654, 0.006182, 0.005661,
  0.015049, 0.007754, 0.00814, 0.007915,
  0.004759, 0.002591, 0.002291, 0.002296,
  0.005437, 0.002747, 0.002567, 0.002478,
  0.008306, 0.005321, 0.005504, 0.004906,
  0.024353, 0.004358, 0.003488, 0.004855,
  0.033816, 0.004692, 0.003989, 0.008346,
  0.03135, 0.004519, 0.003603, 0.005505,
  0.035759, 0.007502, 0.004475, 0.00828,
  0.044247, 0.007622, 0.005597, 0.008548,
  0.051272, 0.011882, 0.00948, 0.011779,
  0.005885, 0.004696, 0.00382, 0.003828,
  0.005149, 0.003664, 0.002919, 0.002976,
  0.001809, 0.001234, 0.001341, 0.001698,
  0.000732, 0.000494, 0.000384, 0.000329,
  0.000805, 0.000526, 0.000411, 0.000353,
  0.000992, 0.000664, 0.000525, 0.000452,
  0.00103, 0.000698, 0.000551, 0.000475,
  0.000377, 0.000254, 0.000198, 0.00017,
  0.002111, 0.001401, 0.001091, 0.00093,
  0.003197, 0.003806, 0.005028, 0.005643,
  0.001568, 0.001063, 0.00085, 0.000739,
  0.001716, 0.001135, 0.000896, 0.000776,
  0.004483, 0.004099, 0.004579, 0.004574,
  0.004001, 0.003689, 0.004571, 0.004594,
  0.002755, 0.001819, 0.001508, 0.001364,
  0.000475, 0.000299, 0.000228, 0.000194,
  0.060327, 0.038204, 0.029484, 0.025256,
  0.050401, 0.032237, 0.025007, 0.021469,
  0.011788, 0.006905, 0.005308, 0.004557,
  0.010179, 0.006007, 0.004683, 0.004063,
  0.010416, 0.006124, 0.004793, 0.004159,
  0.009757, 0.005788, 0.004568, 0.003968,
  0.084165, 0.040498, 0.036334, 0.03035,
  0.002002, 0.001368, 0.001788, 0.001996,
  0.003985, 0.002571, 0.002552, 0.002302,
  0.006038, 0.005635, 0.006738, 0.005237,
  0.003661, 0.0049, 0.006115, 0.004942,
  0.01329, 0.006229, 0.005444, 0.005007,
  0.011695, 0.005537, 0.005189, 0.004932,
  0.013293, 0.003679, 0.003293, 0.002668,
  0.013374, 0.005522, 0.004787, 0.004423,
  0.0137, 0.006361, 0.004952, 0.004307,
  0.012437, 0.005572, 0.00633, 0.005764,
  0.010382, 0.003496, 0.003931, 0.003424,
  0.010805, 0.002909, 0.003224, 0.002852,
  0.012875, 0.004956, 0.00539, 0.004651,
  0.012013, 0.006921, 0.006911, 0.006349,
  0.0063, 0.004443, 0.004149, 0.003762,
  0.000803, 0.000515, 0.000399, 0.000339,
  0.002006, 0.001344, 0.00111, 0.000944,
  0.010148, 0.006603, 0.005211, 0.004254,
  0.008982, 0.005903, 0.004838, 0.004153,
  0.054998, 0.031378, 0.032783, 0.035297,
  0.045254, 0.022494, 0.024378, 0.025781,
  0.044439, 0.020515, 0.022244, 0.023208,
  0.042265, 0.019477, 0.020051, 0.020542,
  0.036355, 0.014065, 0.015042, 0.014562,
  0.035301, 0.011437, 0.014044, 0.013449,
  0.10458, 0.086058, 0.074849, 0.065553,
  0.006243, 0.004631, 0.004679, 0.004348,
  0.006416, 0.004543, 0.004314, 0.004037,
  0.003901, 0.002162, 0.002057, 0.002302,
  0.001497, 0.000932, 0.000708, 0.000595,
  0.001788, 0.001113, 0.000852, 0.000718,
  0.003714, 0.002303, 0.001778, 0.001508,
  0.005379, 0.003288, 0.002565, 0.002178,
  0.028298, 0.015591, 0.012852, 0.010941,
  0.03128, 0.021879, 0.01828, 0.015774,
  0.039858, 0.027415, 0.023768, 0.021112,
  0.041323, 0.02801, 0.023152, 0.0201,
  0.042881, 0.030008, 0.025372, 0.022458,
  0.00248, 0.001715, 0.001372, 0.001189,
  0.001903, 0.001297, 0.001295, 0.000967,
  0.008926, 0.005143, 0.004816, 0.004281,
  0.007743, 0.004122, 0.003909, 0.003478,
  0.004731, 0.003436, 0.003939, 0.004551,
  0.008079, 0.005512, 0.006336, 0.005168,
  0.025675, 0.01856, 0.015806, 0.013412,
  0.01179, 0.007554, 0.005842, 0.004944,
  0.009055, 0.003176, 0.002413, 0.002077,
  0.012943, 0.005934, 0.005831, 0.005524,
  0.007311, 0.003882, 0.003532, 0.0032,
  0.00645, 0.004033, 0.003182, 0.002838,
  0.003892, 0.00201, 0.001534, 0.001341,
  0.043505, 0.037378, 0.036468, 0.029035,
  0.032692, 0.022198, 0.021766, 0.0179,
  0.031374, 0.011159, 0.010628, 0.010227,
  0.014992, 0.009837, 0.007568, 0.006293,
  0.00111, 0.000662, 0.000485, 0.000395,
  0.10733, 0.062467, 0.046282, 0.038404,
  0.10837, 0.055389, 0.040899, 0.034117,
  0.11569, 0.070919, 0.053932, 0.044972,
  0.11956, 0.077842, 0.061153, 0.051913,
  0.000787, 0.000525, 0.000413, 0.000955,
  0.006846, 0.013407, 0.016212, 0.016852,
  0.015407, 0.001807, 0.004244, 0.004271,
  0.016028, 0.001405, 0.003125, 0.003286,
  0.015663, 0.001142, 0.001595, 0.00202,
  0.012985, 0.000967, 0.000757, 0.000648,
  0.022613, 0.01084, 0.009204, 0.008094,
  0.024105, 0.011881, 0.009645, 0.008317,
  0.009881, 0.006049, 0.004628, 0.004121,
  0.023602, 0.013764, 0.010873, 0.008724,
  0.030364, 0.018314, 0.014613, 0.012668,
  0.026177, 0.017943, 0.015114, 0.013413,
  0.012334, 0.005954, 0.004534, 0.003925,
  0.026212, 0.020312, 0.01877, 0.016481,
  0.001488, 0.000635, 0.000548, 0.000421,
  0.060323, 0.030709, 0.024824, 0.021529,
  0.066045, 0.030995, 0.024548, 0.020903,
  0.069987, 0.034003, 0.026784, 0.022882,
  0.063973, 0.027535, 0.021843, 0.018758,
  0.003864, 0.000831, 0.001788, 0.00158,
  0.005274, 0.004222, 0.004025, 0.003828,
  0.004216, 0.003425, 0.003374, 0.00329,
  0.017793, 0.004383, 0.006223, 0.006708,
  0.017199, 0.002629, 0.004587, 0.005628,
  0.015432, 0.001679, 0.003595, 0.005031,
  0.010538, 0.006325, 0.005782, 0.005356,
  0.001171, 0.000681, 0.000526, 0.000454,
  0.000901, 0.0006, 0.000471, 0.000405,
  0.001148, 0.000753, 0.000589, 0.000507,
  0.00128, 0.000815, 0.000627, 0.000535,
  0.000669, 0.000421, 0.00032, 0.000272,
  0.000371, 0.000227, 0.000171, 0.000144,
  0.002743, 0.00162, 0.001246, 0.001072,
  0.005425, 0.003335, 0.002589, 0.002231,
  0.039374, 0.026245, 0.023643, 0.01934,
  0.035985, 0.02297, 0.020298, 0.017794,
  0.038652, 0.024369, 0.02133, 0.018199,
  0.002103, 0.001413, 0.001299, 0.00114,
  0.00031, 0.000203, 0.000157, 0.000133,
  0.00031, 0.000206, 0.000158, 0.000134,
  0.000312, 0.000209, 0.000163, 0.00014,
  0.015172, 0.008318, 0.007259, 0.006508,
  0.008413, 0.004971, 0.004204, 0.003662,
  0.006548, 0.003249, 0.002743, 0.002474,
  0.005715, 0.003363, 0.002795, 0.00251 ;
  } // group ObsValue

group: PreQC {
  variables:
  	int64 absorptionAerosolOpticalDepth(Location, Channel) ;
  		absorptionAerosolOpticalDepth:_FillValue = -9999LL ;
  		string absorptionAerosolOpticalDepth:coordinates = "longitude latitude stationElevation" ;
  	int64 aerosolOpticalDepth(Location, Channel) ;
  		aerosolOpticalDepth:_FillValue = -9999LL ;
  		string aerosolOpticalDepth:coordinates = "longitude latitude stationElevation" ;
  	int64 singleScatteringAlbedo(Location, Channel) ;
  		singleScatteringAlbedo:_FillValue = -9999LL ;
  		string singleScatteringAlbedo:coordinates = "longitude latitude stationElevation" ;
  data:
  } // group PreQC
}
